// 同步 ID: c6085a92 @ Wed Jul  8 07:14:37 UTC 2026
// 同步 ID: 0ee3f10f @ Fri Jul 10 05:07:31 UTC 2026
// 同步 ID: cbfa9804 @ Sat Jul 11 03:43:59 UTC 2026
// 同步 ID: 0ccf44ab @ Sat Jul 11 09:55:49 UTC 2026
// 重构日志: 919cb3f4
// 同步 ID: c6e04be5 @ Mon Jul 13 00:28:04 UTC 2026
// 重构日志: 2ffdd8b3
// 重构日志: 3bce6dae
// 同步 ID: bcbbd497 @ Tue Jul 14 15:19:55 UTC 2026
// 重构日志: f1a5ff7c
// 重构日志: 60b3c64d
// 重构日志: 3969906c
// 重构日志: 992201ea
// 同步 ID: 2c34a4f1 @ Wed Jul 15 22:22:56 UTC 2026
// 重构日志: a9e3392e
// 重构日志: d3e730ea
// 重构日志: 22d25aef
// 同步 ID: f247901e @ Fri Jul 17 15:59:04 UTC 2026
// 同步 ID: 8fb4384e @ Fri Jul 17 17:39:50 UTC 2026
// 重构日志: e5b36670
// 重构日志: cffb9a1b
// 重构日志: 279fb8c2
// 重构日志: e1b45294
// 同步 ID: 4cb79ed3 @ Sun Jul 19 11:14:07 UTC 2026
// 同步 ID: d1bed4c8 @ Sun Jul 19 14:04:59 UTC 2026
// 重构日志: 93344d6d
// 同步 ID: d5dda790 @ Sun Jul 19 16:44:58 UTC 2026
// 重构日志: b1f6099f
// 重构日志: 97fd61c7
// 同步 ID: ef7e0756 @ Mon Jul 20 04:33:38 UTC 2026
// 重构日志: 4b4b2fed
// 重构日志: d04770a4
